<?xml version="1.0" encoding="UTF-8"?>
<!-- Generated by org.testng.reporters.JUnitReportReporter -->
<testsuite hostname="DESKTOP-A9GEUTV" failures="0" tests="1" name="TestNGExample.Assignment222Test" time="12.477" errors="0" timestamp="2024-04-21T08:31:59 IST" skipped="0">
  <testcase classname="TestNGExample.Assignment222Test" name="orangeHRM_PIMCreationTest" time="12.477"/>
</testsuite> <!-- TestNGExample.Assignment222Test -->
