<?xml version="1.0" encoding="UTF-8"?>
<!-- Generated by org.testng.reporters.JUnitReportReporter -->
<testsuite hostname="DESKTOP-A9GEUTV" failures="0" tests="2" name="TestNGday2.OrangeHrmPIMWithBeforeAndAfterTest" time="2.242" errors="0" timestamp="2024-04-18T06:10:47 IST" skipped="0">
  <testcase classname="TestNGday2.OrangeHrmPIMWithBeforeAndAfterTest" name="testOrangeHrmLogin_NegativeFlow" time="0.041"/>
  <system-out/>
  <testcase classname="TestNGday2.OrangeHrmPIMWithBeforeAndAfterTest" name="testOrangeHrmLogin_PositiveFlow" time="2.201"/>
  <system-out/>
</testsuite> <!-- TestNGday2.OrangeHrmPIMWithBeforeAndAfterTest -->
