<?xml version="1.0" encoding="UTF-8"?>
<!-- Generated by org.testng.reporters.JUnitReportReporter -->
<testsuite hostname="DESKTOP-A9GEUTV" failures="0" tests="3" name="TestNG.Example3Priority" time="0.060" errors="0" timestamp="2024-04-18T07:18:27 IST" skipped="0">
  <testcase classname="TestNG.Example3Priority" name="testcase3" time="0.015"/>
  <system-out/>
  <testcase classname="TestNG.Example3Priority" name="testcase2" time="0.024"/>
  <system-out/>
  <testcase classname="TestNG.Example3Priority" name="testcase1" time="0.021"/>
  <system-out/>
</testsuite> <!-- TestNG.Example3Priority -->
