<?xml version="1.0" encoding="UTF-8"?>
<!-- Generated by org.testng.reporters.JUnitReportReporter -->
<testsuite hostname="DESKTOP-A9GEUTV" failures="0" tests="2" name="TestNGExample.Orangehrm" time="34.608" errors="0" timestamp="2024-04-18T07:33:04 IST" skipped="0">
  <testcase classname="TestNGExample.Orangehrm" name="testOrangeHrmLogin_NegativeFlow" time="19.446"/>
  <testcase classname="TestNGExample.Orangehrm" name="testOrangeHrmLogin_PositiveFlow" time="15.162"/>
</testsuite> <!-- TestNGExample.Orangehrm -->
