<?xml version="1.0" encoding="UTF-8"?>
<!-- Generated by org.testng.reporters.JUnitReportReporter -->
<testsuite hostname="DESKTOP-A9GEUTV" failures="0" tests="4" name="TestNG.Example4False" time="0.016" errors="0" timestamp="2024-04-17T12:36:32 IST" skipped="1">
  <testcase classname="TestNG.Example4False" name="testCase4" time="0.001"/>
  <system-out/>
  <testcase classname="TestNG.Example4False" name="testCase1" time="0.001"/>
  <system-out/>
  <testcase classname="TestNG.Example4False" name="testCase2" time="0.014"/>
  <system-out/>
  <testcase classname="TestNG.Example4False" name="testCase3">
    <skipped/>
  </testcase> <!-- testCase3 -->
  <system-out/>
</testsuite> <!-- TestNG.Example4False -->
