<?xml version="1.0" encoding="UTF-8"?>
<!-- Generated by org.testng.reporters.JUnitReportReporter -->
<testsuite hostname="DESKTOP-A9GEUTV" failures="0" tests="3" name="TestNG.Example3" time="0.013" errors="0" timestamp="2024-04-16T22:56:11 IST" skipped="0">
  <testcase classname="TestNG.Example3" name="testcase3" time="0.002"/>
  <system-out/>
  <testcase classname="TestNG.Example3" name="testcase2" time="0.009"/>
  <system-out/>
  <testcase classname="TestNG.Example3" name="testcase1" time="0.002"/>
  <system-out/>
</testsuite> <!-- TestNG.Example3 -->
