<?xml version="1.0" encoding="UTF-8"?>
<!-- Generated by org.testng.reporters.JUnitReportReporter -->
<testsuite hostname="DESKTOP-A9GEUTV" failures="0" tests="1" name="TestNGday2.OrangeHrmPIMBeforeAndAfter" time="13.412" errors="0" timestamp="2024-04-18T06:40:50 IST" skipped="0">
  <testcase classname="TestNGday2.OrangeHrmPIMBeforeAndAfter" name="testOrangeHrmPIMPage" time="13.412"/>
  <system-out/>
</testsuite> <!-- TestNGday2.OrangeHrmPIMBeforeAndAfter -->
