<?xml version="1.0" encoding="UTF-8"?>
<!-- Generated by org.testng.reporters.JUnitReportReporter -->
<testsuite hostname="DESKTOP-A9GEUTV" failures="0" tests="1" name="TestNG.Example6Exception" time="0.001" errors="0" timestamp="2024-04-17T12:36:32 IST" skipped="0">
  <testcase classname="TestNG.Example6Exception" name="testCase1" time="0.001"/>
  <system-out/>
</testsuite> <!-- TestNG.Example6Exception -->
