<?xml version="1.0" encoding="UTF-8"?>
<!-- Generated by org.testng.reporters.JUnitReportReporter -->
<testsuite hostname="DESKTOP-A9GEUTV" failures="0" tests="3" name="TestNG.Example2CallingTC4" time="0.001" errors="0" timestamp="2024-04-17T12:36:32 IST" skipped="0">
  <testcase classname="TestNG.Example2CallingTC4" name="testcase2" time="0.000"/>
  <system-out/>
  <testcase classname="TestNG.Example2CallingTC4" name="testcase3" time="0.000"/>
  <system-out/>
  <testcase classname="TestNG.Example2CallingTC4" name="testcase1" time="0.001"/>
  <system-out/>
</testsuite> <!-- TestNG.Example2CallingTC4 -->
