<?xml version="1.0" encoding="UTF-8"?>
<!-- Generated by org.testng.reporters.JUnitReportReporter -->
<testsuite hostname="DESKTOP-A9GEUTV" failures="0" tests="1" name="TestNGExample.Assignment" time="4.331" errors="0" timestamp="2024-04-19T16:48:21 IST" skipped="0">
  <testcase classname="TestNGExample.Assignment" name="sourceDemoShopping" time="4.331"/>
</testsuite> <!-- TestNGExample.Assignment -->
