<?xml version="1.0" encoding="UTF-8"?>
<!-- Generated by org.testng.reporters.JUnitReportReporter -->
<testsuite hostname="DESKTOP-A9GEUTV" failures="0" tests="3" name="TestNGExample.Example2CallingTC4" time="0.011" errors="0" timestamp="2024-04-18T07:33:04 IST" skipped="0">
  <testcase classname="TestNGExample.Example2CallingTC4" name="testcase3" time="0.003"/>
  <testcase classname="TestNGExample.Example2CallingTC4" name="testcase1" time="0.003"/>
  <testcase classname="TestNGExample.Example2CallingTC4" name="testcase2" time="0.005"/>
</testsuite> <!-- TestNGExample.Example2CallingTC4 -->
