<?xml version="1.0" encoding="UTF-8"?>
<!-- Generated by org.testng.reporters.JUnitReportReporter -->
<testsuite hostname="DESKTOP-A9GEUTV" failures="0" tests="3" name="TestNG.Example2" time="0.016" errors="0" timestamp="2024-04-16T22:37:50 IST" skipped="0">
  <testcase classname="TestNG.Example2" name="testcase2" time="0.003"/>
  <system-out/>
  <testcase classname="TestNG.Example2" name="testcase1" time="0.010"/>
  <system-out/>
  <testcase classname="TestNG.Example2" name="testcase3" time="0.003"/>
  <system-out/>
</testsuite> <!-- TestNG.Example2 -->
