<?xml version="1.0" encoding="UTF-8"?>
<!-- Generated by org.testng.reporters.JUnitReportReporter -->
<testsuite hostname="DESKTOP-A9GEUTV" failures="0" tests="2" name="TestNG.Orangehrm" time="33.027" errors="0" timestamp="2024-04-17T12:36:32 IST" skipped="0">
  <testcase classname="TestNG.Orangehrm" name="testOrangeHrmLogin_NegativeFlow" time="21.910"/>
  <system-out/>
  <testcase classname="TestNG.Orangehrm" name="testOrangeHrmLogin_PositiveFlow" time="11.117"/>
  <system-out/>
</testsuite> <!-- TestNG.Orangehrm -->
