<?xml version="1.0" encoding="UTF-8"?>
<!-- Generated by org.testng.reporters.JUnitReportReporter -->
<testsuite hostname="DESKTOP-A9GEUTV" failures="0" tests="2" name="TestNGday2.OrangeHrmPIMWithBeforeAndAfterMethod" time="16.137" errors="0" timestamp="2024-04-18T06:14:54 IST" skipped="0">
  <testcase classname="TestNGday2.OrangeHrmPIMWithBeforeAndAfterMethod" name="testOrangeHrmLogin_NegativeFlow" time="6.124"/>
  <system-out/>
  <testcase classname="TestNGday2.OrangeHrmPIMWithBeforeAndAfterMethod" name="testOrangeHrmLogin_PositiveFlow" time="10.013"/>
  <system-out/>
</testsuite> <!-- TestNGday2.OrangeHrmPIMWithBeforeAndAfterMethod -->
