<?xml version="1.0" encoding="UTF-8"?>
<!-- Generated by org.testng.reporters.JUnitReportReporter -->
<testsuite hostname="DESKTOP-A9GEUTV" failures="0" tests="1" name="TestNGExample.Example1SimpleTestNG" time="0.010" errors="0" timestamp="2024-04-18T07:33:04 IST" skipped="0">
  <testcase classname="TestNGExample.Example1SimpleTestNG" name="testcase1" time="0.010"/>
</testsuite> <!-- TestNGExample.Example1SimpleTestNG -->
