<?xml version="1.0" encoding="UTF-8"?>
<!-- Generated by org.testng.reporters.JUnitReportReporter -->
<testsuite hostname="DESKTOP-A9GEUTV" failures="0" tests="3" name="TestNGExample.Example3Priority" time="0.002" errors="0" timestamp="2024-04-18T07:33:04 IST" skipped="0">
  <testcase classname="TestNGExample.Example3Priority" name="testcase2" time="0.001"/>
  <testcase classname="TestNGExample.Example3Priority" name="testcase3" time="0.001"/>
  <testcase classname="TestNGExample.Example3Priority" name="testcase1" time="0.000"/>
</testsuite> <!-- TestNGExample.Example3Priority -->
