<?xml version="1.0" encoding="UTF-8"?>
<!-- Generated by org.testng.reporters.JUnitReportReporter -->
<testsuite hostname="DESKTOP-A9GEUTV" failures="0" tests="4" name="TestNGExample.Example4False" time="0.002" errors="0" timestamp="2024-04-18T07:33:04 IST" skipped="1">
  <testcase classname="TestNGExample.Example4False" name="testCase4" time="0.001"/>
  <testcase classname="TestNGExample.Example4False" name="testCase1" time="0.001"/>
  <testcase classname="TestNGExample.Example4False" name="testCase2" time="0.000"/>
  <testcase classname="TestNGExample.Example4False" name="testCase3">
    <skipped/>
  </testcase> <!-- testCase3 -->
</testsuite> <!-- TestNGExample.Example4False -->
